1660829559451	geckodriver	INFO	Listening on 127.0.0.1:46163
1660829564802	mozrunner::runner	INFO	Running command: "/usr/bin/firefox" "--marionette" "--remote-debugging-port" "34911" "--remote-allow-hosts" "localhost" "-no-remote" "-profile" "/tmp/rust_mozprofileMPL1sA"
ATTENTION: default value of option mesa_glthread overridden by environment.
ATTENTION: default value of option mesa_glthread overridden by environment.
ATTENTION: default value of option mesa_glthread overridden by environment.
ATTENTION: default value of option mesa_glthread overridden by environment.
1660829575999	Marionette	INFO	Marionette enabled
console.warn: SearchSettings: "get: No settings file exists, new profile?" (new NotFoundError("Could not open the file at /tmp/rust_mozprofileMPL1sA/search.json.mozlz4", (void 0)))
console.error: Region.jsm: "Error fetching region" (new TypeError("NetworkError when attempting to fetch resource.", ""))
console.error: Region.jsm: "Failed to fetch region" (new Error("NO_RESULT", "resource://gre/modules/Region.jsm", 419))
console.warn: TopSitesFeed: Failed to fetch data from Contile server: NetworkError when attempting to fetch resource.
DevTools listening on ws://localhost:34911/devtools/browser/2854b2c1-daad-41d6-959b-d3e62a5ab75c
1660829585172	Marionette	INFO	Listening on port 39585
Read port: 39585
1660829585406	RemoteAgent	WARN	TLS certificate errors will be ignored for this session
console.warn: LoginRecipes: "getRecipes: falling back to a synchronous message for:" "http://localhost:57597"
console.warn: LoginRecipes: "getRecipes: falling back to a synchronous message for:" "http://localhost:57597"
JavaScript error: resource://gre/modules/LoginManagerParent.jsm, line 136: TypeError: gRecipeManager is null
1660829611466	Marionette	INFO	Stopped listening on port 39585
1660829652554	geckodriver	INFO	Listening on 127.0.0.1:46821
1660829653065	mozrunner::runner	INFO	Running command: "/usr/bin/firefox" "--marionette" "--remote-debugging-port" "58031" "--remote-allow-hosts" "localhost" "-no-remote" "-profile" "/tmp/rust_mozprofileGhlKXz"
ATTENTION: default value of option mesa_glthread overridden by environment.
ATTENTION: default value of option mesa_glthread overridden by environment.
ATTENTION: default value of option mesa_glthread overridden by environment.
ATTENTION: default value of option mesa_glthread overridden by environment.
1660829665108	Marionette	INFO	Marionette enabled
console.warn: SearchSettings: "get: No settings file exists, new profile?" (new NotFoundError("Could not open the file at /tmp/rust_mozprofileGhlKXz/search.json.mozlz4", (void 0)))
console.error: Region.jsm: "Error fetching region" (new TypeError("NetworkError when attempting to fetch resource.", ""))
console.error: Region.jsm: "Failed to fetch region" (new Error("NO_RESULT", "resource://gre/modules/Region.jsm", 419))
DevTools listening on ws://localhost:58031/devtools/browser/4f5115f6-9d81-450b-bd61-f54cc22a7b8e
1660829668731	Marionette	INFO	Listening on port 37845
Read port: 37845
1660829668825	RemoteAgent	WARN	TLS certificate errors will be ignored for this session
console.warn: LoginRecipes: "getRecipes: falling back to a synchronous message for:" "http://localhost:39013"
console.warn: LoginRecipes: "getRecipes: falling back to a synchronous message for:" "http://localhost:39013"
JavaScript error: resource://gre/modules/LoginManagerParent.jsm, line 136: TypeError: gRecipeManager is null
1660829680589	Marionette	INFO	Stopped listening on port 37845
!!! error running onStopped callback: TypeError: callback is not a function
console.error: PushService: 
  stateChangeProcessEnqueue: Error transitioning state
  Message: Error: Data is not ready.
  Stack:
    get data@resource://gre/modules/JSONFile.jsm:186:13
getListeners@resource://gre/modules/PushBroadcastService.jsm:66:5
observe@resource://gre/modules/AsyncShutdown.jsm:575:16

1661095129277	geckodriver	INFO	Listening on 127.0.0.1:47423
1661095134659	mozrunner::runner	INFO	Running command: "/usr/bin/firefox" "--marionette" "--remote-debugging-port" "50129" "--remote-allow-hosts" "localhost" "-no-remote" "-profile" "/tmp/rust_mozprofiletU4nlF"
ATTENTION: default value of option mesa_glthread overridden by environment.
ATTENTION: default value of option mesa_glthread overridden by environment.
ATTENTION: default value of option mesa_glthread overridden by environment.
ATTENTION: default value of option mesa_glthread overridden by environment.
1661095150892	Marionette	INFO	Marionette enabled
console.warn: SearchSettings: "get: No settings file exists, new profile?" (new NotFoundError("Could not open the file at /tmp/rust_mozprofiletU4nlF/search.json.mozlz4", (void 0)))
console.error: Region.jsm: "Error fetching region" (new TypeError("NetworkError when attempting to fetch resource.", ""))
console.error: Region.jsm: "Failed to fetch region" (new Error("NO_RESULT", "resource://gre/modules/Region.jsm", 419))
console.warn: TopSitesFeed: Failed to fetch data from Contile server: NetworkError when attempting to fetch resource.
DevTools listening on ws://localhost:50129/devtools/browser/23355219-98bb-4a67-aca8-d8483d3243ce
1661095162827	Marionette	INFO	Listening on port 36495
Read port: 36495
1661095163057	RemoteAgent	WARN	TLS certificate errors will be ignored for this session
console.warn: LoginRecipes: "getRecipes: falling back to a synchronous message for:" "http://localhost:45469"
console.warn: LoginRecipes: "getRecipes: falling back to a synchronous message for:" "http://localhost:45469"
JavaScript error: resource://gre/modules/LoginManagerParent.jsm, line 136: TypeError: gRecipeManager is null
console.warn: LoginRecipes: "getRecipes: falling back to a synchronous message for:" "http://localhost:45469"
JavaScript error: resource://gre/modules/LoginManagerParent.jsm, line 136: TypeError: gRecipeManager is null
console.warn: LoginRecipes: "getRecipes: falling back to a synchronous message for:" "http://localhost:45469"
JavaScript error: resource://gre/modules/LoginManagerParent.jsm, line 136: TypeError: gRecipeManager is null
1661095231910	Marionette	WARN	TimedPromise timed out after 500 ms: stacktrace:
TimedPromise/<@chrome://remote/content/marionette/sync.js:235:19
TimedPromise@chrome://remote/content/marionette/sync.js:220:10
interaction.flushEventLoop@chrome://remote/content/marionette/interaction.js:431:10
webdriverClickElement@chrome://remote/content/marionette/interaction.js:179:31
1661095237137	Marionette	WARN	TimedPromise timed out after 500 ms: stacktrace:
TimedPromise/<@chrome://remote/content/marionette/sync.js:235:19
TimedPromise@chrome://remote/content/marionette/sync.js:220:10
interaction.flushEventLoop@chrome://remote/content/marionette/interaction.js:431:10
webdriverClickElement@chrome://remote/content/marionette/interaction.js:179:31
console.warn: LoginRecipes: "getRecipes: falling back to a synchronous message for:" "http://localhost:45469"
JavaScript error: resource://gre/modules/LoginManagerParent.jsm, line 136: TypeError: gRecipeManager is null
console.warn: LoginRecipes: "getRecipes: falling back to a synchronous message for:" "http://localhost:45469"
JavaScript error: resource://gre/modules/LoginManagerParent.jsm, line 136: TypeError: gRecipeManager is null
console.warn: LoginRecipes: "getRecipes: falling back to a synchronous message for:" "http://localhost:45469"
JavaScript error: resource://gre/modules/LoginManagerParent.jsm, line 136: TypeError: gRecipeManager is null
console.warn: LoginRecipes: "getRecipes: falling back to a synchronous message for:" "http://localhost:45469"
JavaScript error: resource://gre/modules/LoginManagerParent.jsm, line 136: TypeError: gRecipeManager is null
console.warn: LoginRecipes: "getRecipes: falling back to a synchronous message for:" "http://localhost:45469"
JavaScript error: resource://gre/modules/LoginManagerParent.jsm, line 136: TypeError: gRecipeManager is null
console.warn: LoginRecipes: "getRecipes: falling back to a synchronous message for:" "http://localhost:45469"
JavaScript error: resource://gre/modules/LoginManagerParent.jsm, line 136: TypeError: gRecipeManager is null
console.warn: LoginRecipes: "getRecipes: falling back to a synchronous message for:" "http://localhost:45469"
JavaScript error: resource://gre/modules/LoginManagerParent.jsm, line 136: TypeError: gRecipeManager is null
console.warn: LoginRecipes: "getRecipes: falling back to a synchronous message for:" "http://localhost:45469"
JavaScript error: resource://gre/modules/LoginManagerParent.jsm, line 136: TypeError: gRecipeManager is null
console.warn: LoginRecipes: "getRecipes: falling back to a synchronous message for:" "http://localhost:45469"
JavaScript error: resource://gre/modules/LoginManagerParent.jsm, line 136: TypeError: gRecipeManager is null
1661095329243	Marionette	INFO	Stopped listening on port 36495
1661095401166	geckodriver	INFO	Listening on 127.0.0.1:38441
1661095406423	mozrunner::runner	INFO	Running command: "/usr/bin/firefox" "--marionette" "--remote-debugging-port" "34815" "--remote-allow-hosts" "localhost" "-no-remote" "-profile" "/tmp/rust_mozprofileGGIAxy"
ATTENTION: default value of option mesa_glthread overridden by environment.
ATTENTION: default value of option mesa_glthread overridden by environment.
ATTENTION: default value of option mesa_glthread overridden by environment.
ATTENTION: default value of option mesa_glthread overridden by environment.
1661095414371	Marionette	INFO	Marionette enabled
console.warn: SearchSettings: "get: No settings file exists, new profile?" (new NotFoundError("Could not open the file at /tmp/rust_mozprofileGGIAxy/search.json.mozlz4", (void 0)))
console.error: Region.jsm: "Error fetching region" (new TypeError("NetworkError when attempting to fetch resource.", ""))
console.error: Region.jsm: "Failed to fetch region" (new Error("NO_RESULT", "resource://gre/modules/Region.jsm", 419))
DevTools listening on ws://localhost:34815/devtools/browser/5b7fc2db-8241-4b2c-978c-92a41bcbe63b
1661095418291	Marionette	INFO	Listening on port 39719
Read port: 39719
1661095418386	RemoteAgent	WARN	TLS certificate errors will be ignored for this session
console.warn: LoginRecipes: "getRecipes: falling back to a synchronous message for:" "http://localhost:47503"
console.warn: LoginRecipes: "getRecipes: falling back to a synchronous message for:" "http://localhost:47503"
console.warn: LoginRecipes: "getRecipes: falling back to a synchronous message for:" "http://localhost:47503"
JavaScript error: resource://gre/modules/LoginManagerParent.jsm, line 136: TypeError: gRecipeManager is null
console.warn: LoginRecipes: "getRecipes: falling back to a synchronous message for:" "http://localhost:47503"
JavaScript error: resource://gre/modules/LoginManagerParent.jsm, line 136: TypeError: gRecipeManager is null
console.warn: LoginRecipes: "getRecipes: falling back to a synchronous message for:" "http://localhost:47503"
JavaScript error: resource://gre/modules/LoginManagerParent.jsm, line 136: TypeError: gRecipeManager is null
1661095459677	Marionette	INFO	Stopped listening on port 39719
JavaScript error: resource://gre/modules/CrashManager.jsm, line 898: AbortError: IOUtils: Shutting down and refusing additional I/O tasks

###!!! [Parent][PImageBridgeParent] Error: RunMessage(msgname=PImageBridge::Msg_WillClose) Channel closing: too late to send/recv, messages will be lost

